        -:    0:Source:unitTest3.c
        -:    0:Graph:unitTest3.gcno
        -:    0:Data:unitTest3.gcda
        -:    0:Runs:1
        -:    0:Programs:1
        -:    1:#include "dominion.h"
        -:    2:#include "dominion_helpers.h"
        -:    3:#include <string.h>
        -:    4:#include <stdio.h>
        -:    5:#include <assert.h>
        -:    6:#include "rngs.h"
        -:    7:
        -:    8:// set NOISY_TEST to 0 to remove printfs from output
        -:    9:#define NOISY_TEST 1
        -:   10://test whose turns
        1:   11:int main(){
        -:   12:
        -:   13:
        -:   14:	int lp;
        1:   15:	int seed = 4;
        1:   16:	int numPlayer = 10;
        -:   17:	int check;
        1:   18:	int card[10] = {adventurer, council_room, feast, gardens, mine
        -:   19:		, remodel, smithy, village, baron, great_hall};
        -:   20:	struct gameState testGame;
        1:   21:	check = initializeGame(numPlayer, card, seed, &testGame);
        -:   22:
        -:   23:	#if(NOISY_TEST == 1)
        1:   24:	printf("tests to make sure the function returns the correct players turn \n\n");
        -:   25:	#endif
        -:   26:
       11:   27:	for (lp = 0; lp < 10; ++lp)
        -:   28:	{
       10:   29:		testGame.whoseTurn = lp;
       10:   30:		assert(whoseTurn(&testGame) == lp);
        -:   31:	}
        -:   32:	
        1:   33:	printf("All tests passed!\n");
        -:   34:
        -:   35:}
